<?xml version="1.0" encoding="UTF-8"?>
<testsuite xmlns:xsi="http://www.w3.org/2001/XMLSchema-instance" xsi:noNamespaceSchemaLocation="https://maven.apache.org/surefire/maven-surefire-plugin/xsd/surefire-test-report-3.0.xsd" version="3.0" name="com.tech.tech.TechApplicationTests" time="4.762" tests="1" errors="0" skipped="0" failures="0">
  <properties>
[...]
</properties>
  <testcase name="contextLoads" classname="com.tech.tech.TechApplicationTests" time="0.55">
    <system-out><![CDATA[10:07:25.806 [main] INFO org.springframework.test.context.support.AnnotationConfigContextLoaderUtils -- Could not detect default configuration classes for test class [com.tech.tech.TechApplicationTests]: TechApplicationTests does not declare any static, non-private, non-final, nested classes annotated with @Configuration.
10:07:25.935 [main] INFO org.springframework.boot.test.context.SpringBootTestContextBootstrapper -- Found @SpringBootConfiguration com.tech.tech.TechApplication for test class com.tech.tech.TechApplicationTests

  .   ____          _            __ _ _
 /\\ / ___'_ __ _ _(_)_ __  __ _ \ \ \ \
( ( )\___ | '_ | '_| | '_ \/ _` | \ \ \ \
 \\/  ___)| |_)| | | | | || (_| |  ) ) ) )
  '  |____| .__|_| |_|_| |_\__, | / / / /
 =========|_|==============|___/=/_/_/_/
 :: Spring Boot ::                (v3.1.3)

2023-08-31T10:07:26.362+01:00  INFO 49394 --- [           main] com.tech.tech.TechApplicationTests       : Starting TechApplicationTests using Java 17.0.7 with PID 49394 (started by adel in /home/adel/Bureau/tech)
2023-08-31T10:07:26.363+01:00  INFO 49394 --- [           main] com.tech.tech.TechApplicationTests       : No active profile set, falling back to 1 default profile: "default"
2023-08-31T10:07:27.069+01:00  INFO 49394 --- [           main] .s.d.r.c.RepositoryConfigurationDelegate : Bootstrapping Spring Data JPA repositories in DEFAULT mode.
2023-08-31T10:07:27.131+01:00  INFO 49394 --- [           main] .s.d.r.c.RepositoryConfigurationDelegate : Finished Spring Data repository scanning in 53 ms. Found 2 JPA repository interfaces.
2023-08-31T10:07:27.600+01:00  INFO 49394 --- [           main] o.hibernate.jpa.internal.util.LogHelper  : HHH000204: Processing PersistenceUnitInfo [name: default]
2023-08-31T10:07:27.639+01:00  INFO 49394 --- [           main] org.hibernate.Version                    : HHH000412: Hibernate ORM core version 6.2.7.Final
2023-08-31T10:07:27.641+01:00  INFO 49394 --- [           main] org.hibernate.cfg.Environment            : HHH000406: Using bytecode reflection optimizer
2023-08-31T10:07:27.777+01:00  INFO 49394 --- [           main] o.h.b.i.BytecodeProviderInitiator        : HHH000021: Bytecode provider name : bytebuddy
2023-08-31T10:07:27.892+01:00  INFO 49394 --- [           main] o.s.o.j.p.SpringPersistenceUnitInfo      : No LoadTimeWeaver setup: ignoring JPA class transformer
2023-08-31T10:07:27.915+01:00  INFO 49394 --- [           main] com.zaxxer.hikari.HikariDataSource       : HikariPool-1 - Starting...
2023-08-31T10:07:28.140+01:00  INFO 49394 --- [           main] com.zaxxer.hikari.pool.HikariPool        : HikariPool-1 - Added connection org.postgresql.jdbc.PgConnection@40c8067
2023-08-31T10:07:28.142+01:00  INFO 49394 --- [           main] com.zaxxer.hikari.HikariDataSource       : HikariPool-1 - Start completed.
2023-08-31T10:07:28.406+01:00  INFO 49394 --- [           main] o.h.b.i.BytecodeProviderInitiator        : HHH000021: Bytecode provider name : bytebuddy
2023-08-31T10:07:28.974+01:00  INFO 49394 --- [           main] o.h.e.t.j.p.i.JtaPlatformInitiator       : HHH000490: Using JtaPlatform implementation: [org.hibernate.engine.transaction.jta.platform.internal.NoJtaPlatform]
Hibernate: 
    alter table if exists UserModel 
       drop constraint if exists FK9ottcwx8aibeg7rmxg14lim4a
2023-08-31T10:07:28.991+01:00  WARN 49394 --- [           main] o.h.engine.jdbc.spi.SqlExceptionHelper   : SQL Warning Code: 0, SQLState: 00000
2023-08-31T10:07:28.991+01:00  WARN 49394 --- [           main] o.h.engine.jdbc.spi.SqlExceptionHelper   : relation "usermodel" does not exist, skipping
Hibernate: 
    drop table if exists Adress cascade
2023-08-31T10:07:28.992+01:00  WARN 49394 --- [           main] o.h.engine.jdbc.spi.SqlExceptionHelper   : SQL Warning Code: 0, SQLState: 00000
2023-08-31T10:07:28.992+01:00  WARN 49394 --- [           main] o.h.engine.jdbc.spi.SqlExceptionHelper   : table "adress" does not exist, skipping
Hibernate: 
    drop table if exists UserModel cascade
2023-08-31T10:07:28.993+01:00  WARN 49394 --- [           main] o.h.engine.jdbc.spi.SqlExceptionHelper   : SQL Warning Code: 0, SQLState: 00000
2023-08-31T10:07:28.993+01:00  WARN 49394 --- [           main] o.h.engine.jdbc.spi.SqlExceptionHelper   : table "usermodel" does not exist, skipping
Hibernate: 
    drop sequence if exists Adress_SEQ
2023-08-31T10:07:28.994+01:00  WARN 49394 --- [           main] o.h.engine.jdbc.spi.SqlExceptionHelper   : SQL Warning Code: 0, SQLState: 00000
2023-08-31T10:07:28.994+01:00  WARN 49394 --- [           main] o.h.engine.jdbc.spi.SqlExceptionHelper   : sequence "adress_seq" does not exist, skipping
Hibernate: 
    drop sequence if exists userModel_sequence
2023-08-31T10:07:28.994+01:00  WARN 49394 --- [           main] o.h.engine.jdbc.spi.SqlExceptionHelper   : SQL Warning Code: 0, SQLState: 00000
2023-08-31T10:07:28.995+01:00  WARN 49394 --- [           main] o.h.engine.jdbc.spi.SqlExceptionHelper   : sequence "usermodel_sequence" does not exist, skipping
Hibernate: 
    create sequence Adress_SEQ start with 1 increment by 50
Hibernate: 
    create sequence userModel_sequence start with 1 increment by 1
Hibernate: 
    create table Adress (
        id bigint not null,
        houseNumber varchar(255),
        streetName varchar(255),
        zipCode varchar(255),
        primary key (id)
    )
Hibernate: 
    create table UserModel (
        adress_id bigint unique,
        id bigint not null,
        email varchar(255) unique,
        name TEXT not null,
        password varchar(255),
        primary key (id)
    )
Hibernate: 
    alter table if exists UserModel 
       add constraint FK9ottcwx8aibeg7rmxg14lim4a 
       foreign key (adress_id) 
       references Adress
2023-08-31T10:07:29.083+01:00  INFO 49394 --- [           main] j.LocalContainerEntityManagerFactoryBean : Initialized JPA EntityManagerFactory for persistence unit 'default'
2023-08-31T10:07:29.538+01:00  WARN 49394 --- [           main] JpaBaseConfiguration$JpaWebConfiguration : spring.jpa.open-in-view is enabled by default. Therefore, database queries may be performed during view rendering. Explicitly configure spring.jpa.open-in-view to disable this warning
2023-08-31T10:07:29.854+01:00  INFO 49394 --- [           main] com.tech.tech.TechApplicationTests       : Started TechApplicationTests in 3.774 seconds (process running for 4.839)
]]></system-out>
  </testcase>
</testsuite>